deepspeech-catala/kenlm.scorer
deepspeech-catala/model.tflite
vosk-catala/README
vosk-catala/am/final.mdl
vosk-catala/am/tree
vosk-catala/conf/mfcc.conf
vosk-catala/conf/model.conf
vosk-catala/graph/Gr.fst
vosk-catala/graph/HCLr.fst
vosk-catala/graph/disambig_tid.int
vosk-catala/graph/phones/align_lexicon.int
vosk-catala/graph/phones/align_lexicon.txt
vosk-catala/graph/phones/disambig.int
vosk-catala/graph/phones/disambig.txt
vosk-catala/graph/phones/optional_silence.csl
vosk-catala/graph/phones/optional_silence.int
vosk-catala/graph/phones/optional_silence.txt
vosk-catala/graph/phones/silence.csl
vosk-catala/graph/phones/word_boundary.int
vosk-catala/graph/phones/word_boundary.txt
vosk-catala/ivector/final.dubm
vosk-catala/ivector/final.ie
vosk-catala/ivector/final.mat
vosk-catala/ivector/global_cmvn.stats
vosk-catala/ivector/online_cmvn.conf
vosk-catala/ivector/splice.conf